Origamilo/build/app/intermediates/manifest_merge_blame_file/debug/manifest-merger-blame-debug-report.txt
1<?xml version="1.0" encoding="utf-8"?>
2<manifest xmlns:android="http://schemas.android.com/apk/res/android"
3    package="com.example.untitled"
4    android:versionCode="1"
5    android:versionName="1.0.0" >
6
7    <uses-sdk
8        android:minSdkVersion="17"
9        android:targetSdkVersion="31" />
10    <!--
11         Flutter needs it to communicate with the running application
12         to allow setting breakpoints, to provide hot reload, etc.
13    -->
14    <uses-permission android:name="android.permission.INTERNET" />
14-->src\debug\AndroidManifest.xml:6:5-66
14-->src\debug\AndroidManifest.xml:6:22-64
15
16    <queries>
16-->[:twitter_login] AndroidManifest.xml:7:5-11:15
17        <intent>
17-->[:twitter_login] AndroidManifest.xml:8:9-10:18
18            <action android:name="android.support.customtabs.action.CustomTabsService" />
18-->[:twitter_login] AndroidManifest.xml:9:13-90
18-->[:twitter_login] AndroidManifest.xml:9:21-87
19        </intent>
20    </queries>
21
22    <uses-permission android:name="android.permission.ACCESS_NETWORK_STATE" />
22-->[com.google.firebase:firebase-auth:21.0.1] AndroidManifest.xml:24:5-79
22-->[com.google.firebase:firebase-auth:21.0.1] AndroidManifest.xml:24:22-76
23    <uses-permission android:name="com.google.android.finsky.permission.BIND_GET_INSTALL_REFERRER_SERVICE" />
23-->[com.android.installreferrer:installreferrer:1.0] AndroidManifest.xml:9:5-110
23-->[com.android.installreferrer:installreferrer:1.0] AndroidManifest.xml:9:22-107
24
25    <application
26        android:name="android.app.Application"
27        android:appComponentFactory="androidx.core.app.CoreComponentFactory"
27-->[androidx.core:core:1.6.0] AndroidManifest.xml:24:18-86
28        android:debuggable="true"
29        android:icon="@mipmap/ic_launcher"
30        android:label="untitled"
31        android:supportsRtl="true" >
31-->[com.facebook.android:facebook-login:12.3.0] AndroidManifest.xml:28:18-44
32        <activity
33            android:name="io.flutter.plugins.MainActivity"
34            android:configChanges="orientation|keyboardHidden|keyboard|screenSize|smallestScreenSize|locale|layoutDirection|fontScale|screenLayout|density|uiMode"
35            android:exported="true"
36            android:hardwareAccelerated="true"
37            android:launchMode="singleTop"
38            android:theme="@style/LaunchTheme"
39            android:windowSoftInputMode="adjustResize" >
40
41            <!--
42                 Specifies an Android theme to apply to this Activity as soon as
43                 the Android process has started. This theme is visible to the user
44                 while the Flutter UI initializes. After that, this theme continues
45                 to determine the Window background behind the Flutter UI.
46            -->
47            <meta-data
48                android:name="io.flutter.embedding.android.NormalTheme"
49                android:resource="@style/NormalTheme" />
50
51            <intent-filter>
52                <action android:name="android.intent.action.MAIN" />
53
54                <category android:name="android.intent.category.LAUNCHER" />
55            </intent-filter>
56        </activity>
57        <!--
58             Don't delete the meta-data below.
59             This is used by the Flutter tool to generate GeneratedPluginRegistrant.java
60        -->
61        <meta-data
62            android:name="flutterEmbedding"
63            android:value="2" />
64
65        <service
65-->[:firebase_auth] AndroidManifest.xml:8:9-12:19
66            android:name="com.google.firebase.components.ComponentDiscoveryService"
66-->[:firebase_auth] AndroidManifest.xml:8:18-89
67            android:directBootAware="true"
67-->[com.google.firebase:firebase-common:20.0.0] AndroidManifest.xml:35:13-43
68            android:exported="false" >
68-->[com.google.firebase:firebase-auth:21.0.1] AndroidManifest.xml:76:13-37
69            <meta-data
69-->[:firebase_auth] AndroidManifest.xml:9:13-11:85
70                android:name="com.google.firebase.components:io.flutter.plugins.firebase.auth.FlutterFirebaseAuthRegistrar"
70-->[:firebase_auth] AndroidManifest.xml:10:17-124
71                android:value="com.google.firebase.components.ComponentRegistrar" />
71-->[:firebase_auth] AndroidManifest.xml:11:17-82
72            <meta-data
72-->[:firebase_core] AndroidManifest.xml:9:13-11:85
73                android:name="com.google.firebase.components:io.flutter.plugins.firebase.core.FlutterFirebaseCoreRegistrar"
73-->[:firebase_core] AndroidManifest.xml:10:17-124
74                android:value="com.google.firebase.components.ComponentRegistrar" />
74-->[:firebase_core] AndroidManifest.xml:11:17-82
75            <meta-data
75-->[com.google.firebase:firebase-auth:21.0.1] AndroidManifest.xml:77:13-79:85
76                android:name="com.google.firebase.components:com.google.firebase.auth.FirebaseAuthRegistrar"
76-->[com.google.firebase:firebase-auth:21.0.1] AndroidManifest.xml:78:17-109
77                android:value="com.google.firebase.components.ComponentRegistrar" />
77-->[com.google.firebase:firebase-auth:21.0.1] AndroidManifest.xml:79:17-82
78        </service>
79
80        <activity android:name="com.maru.twitter_login.chrome_custom_tabs.ChromeCustomTabsActivity" />
80-->[:twitter_login] AndroidManifest.xml:14:9-103
80-->[:twitter_login] AndroidManifest.xml:14:19-100
81        <activity
81-->[:url_launcher_android] AndroidManifest.xml:8:9-11:74
82            android:name="io.flutter.plugins.urllauncher.WebViewActivity"
82-->[:url_launcher_android] AndroidManifest.xml:9:13-74
83            android:exported="false"
83-->[:url_launcher_android] AndroidManifest.xml:10:13-37
84            android:theme="@android:style/Theme.NoTitleBar.Fullscreen" />
84-->[:url_launcher_android] AndroidManifest.xml:11:13-71
85        <activity
85-->[com.facebook.android:facebook-common:12.3.0] AndroidManifest.xml:30:9-33:66
86            android:name="com.facebook.FacebookActivity"
86-->[com.facebook.android:facebook-common:12.3.0] AndroidManifest.xml:31:13-57
87            android:configChanges="keyboard|keyboardHidden|screenLayout|screenSize|orientation"
87-->[com.facebook.android:facebook-common:12.3.0] AndroidManifest.xml:32:13-96
88            android:theme="@style/com_facebook_activity_theme" />
88-->[com.facebook.android:facebook-common:12.3.0] AndroidManifest.xml:33:13-63
89        <activity android:name="com.facebook.CustomTabMainActivity" />
89-->[com.facebook.android:facebook-common:12.3.0] AndroidManifest.xml:34:9-71
89-->[com.facebook.android:facebook-common:12.3.0] AndroidManifest.xml:34:19-68
90        <activity
90-->[com.facebook.android:facebook-common:12.3.0] AndroidManifest.xml:35:9-49:20
91            android:name="com.facebook.CustomTabActivity"
91-->[com.facebook.android:facebook-common:12.3.0] AndroidManifest.xml:36:13-58
92            android:exported="true" >
92-->[com.facebook.android:facebook-common:12.3.0] AndroidManifest.xml:37:13-36
93            <intent-filter>
93-->[com.facebook.android:facebook-common:12.3.0] AndroidManifest.xml:39:13-48:29
94                <action android:name="android.intent.action.VIEW" />
94-->[com.facebook.android:facebook-common:12.3.0] AndroidManifest.xml:40:17-69
94-->[com.facebook.android:facebook-common:12.3.0] AndroidManifest.xml:40:25-66
95
96                <category android:name="android.intent.category.DEFAULT" />
96-->[com.facebook.android:facebook-common:12.3.0] AndroidManifest.xml:42:17-76
96-->[com.facebook.android:facebook-common:12.3.0] AndroidManifest.xml:42:27-73
97                <category android:name="android.intent.category.BROWSABLE" />
97-->[com.facebook.android:facebook-common:12.3.0] AndroidManifest.xml:43:17-78
97-->[com.facebook.android:facebook-common:12.3.0] AndroidManifest.xml:43:27-75
98
99                <data
99-->[com.facebook.android:facebook-common:12.3.0] AndroidManifest.xml:45:17-47:50
100                    android:host="cct.com.example.untitled"
100-->[com.facebook.android:facebook-common:12.3.0] AndroidManifest.xml:46:21-56
101                    android:scheme="fbconnect" />
101-->[com.facebook.android:facebook-common:12.3.0] AndroidManifest.xml:47:21-47
102            </intent-filter>
103        </activity>
104        <!--
105         The initialization ContentProvider will call FacebookSdk.sdkInitialize automatically
106         with the application context. This config is merged in with the host app's manifest,
107         but there can only be one provider with the same authority activated at any given
108         point; so if the end user has two or more different apps that use Facebook SDK, only the
109         first one will be able to use the provider. To work around this problem, we use the
110         following placeholder in the authority to identify each host application as if it was
111         a completely different provider.
112        -->
113        <provider
113-->[com.facebook.android:facebook-core:12.3.0] AndroidManifest.xml:39:9-42:40
114            android:name="com.facebook.internal.FacebookInitProvider"
114-->[com.facebook.android:facebook-core:12.3.0] AndroidManifest.xml:40:13-70
115            android:authorities="com.example.untitled.FacebookInitProvider"
115-->[com.facebook.android:facebook-core:12.3.0] AndroidManifest.xml:41:13-72
116            android:exported="false" />
116-->[com.facebook.android:facebook-core:12.3.0] AndroidManifest.xml:42:13-37
117
118        <receiver
118-->[com.facebook.android:facebook-core:12.3.0] AndroidManifest.xml:44:9-50:20
119            android:name="com.facebook.CurrentAccessTokenExpirationBroadcastReceiver"
119-->[com.facebook.android:facebook-core:12.3.0] AndroidManifest.xml:45:13-86
120            android:exported="false" >
120-->[com.facebook.android:facebook-core:12.3.0] AndroidManifest.xml:46:13-37
121            <intent-filter>
121-->[com.facebook.android:facebook-core:12.3.0] AndroidManifest.xml:47:13-49:29
122                <action android:name="com.facebook.sdk.ACTION_CURRENT_ACCESS_TOKEN_CHANGED" />
122-->[com.facebook.android:facebook-core:12.3.0] AndroidManifest.xml:48:17-95
122-->[com.facebook.android:facebook-core:12.3.0] AndroidManifest.xml:48:25-92
123            </intent-filter>
124        </receiver>
125        <receiver
125-->[com.facebook.android:facebook-core:12.3.0] AndroidManifest.xml:51:9-57:20
126            android:name="com.facebook.AuthenticationTokenManager$CurrentAuthenticationTokenChangedBroadcastReceiver"
126-->[com.facebook.android:facebook-core:12.3.0] AndroidManifest.xml:52:13-118
127            android:exported="false" >
127-->[com.facebook.android:facebook-core:12.3.0] AndroidManifest.xml:53:13-37
128            <intent-filter>
128-->[com.facebook.android:facebook-core:12.3.0] AndroidManifest.xml:54:13-56:29
129                <action android:name="com.facebook.sdk.ACTION_CURRENT_AUTHENTICATION_TOKEN_CHANGED" />
129-->[com.facebook.android:facebook-core:12.3.0] AndroidManifest.xml:55:17-103
129-->[com.facebook.android:facebook-core:12.3.0] AndroidManifest.xml:55:25-100
130            </intent-filter>
131        </receiver>
132
133        <uses-library
133-->[androidx.window:window:1.0.0-beta04] AndroidManifest.xml:25:9-27:40
134            android:name="androidx.window.extensions"
134-->[androidx.window:window:1.0.0-beta04] AndroidManifest.xml:26:13-54
135            android:required="false" />
135-->[androidx.window:window:1.0.0-beta04] AndroidManifest.xml:27:13-37
136        <uses-library
136-->[androidx.window:window:1.0.0-beta04] AndroidManifest.xml:28:9-30:40
137            android:name="androidx.window.sidecar"
137-->[androidx.window:window:1.0.0-beta04] AndroidManifest.xml:29:13-51
138            android:required="false" />
138-->[androidx.window:window:1.0.0-beta04] AndroidManifest.xml:30:13-37
139
140        <activity
140-->[com.google.firebase:firebase-auth:21.0.1] AndroidManifest.xml:27:9-44:20
141            android:name="com.google.firebase.auth.internal.GenericIdpActivity"
141-->[com.google.firebase:firebase-auth:21.0.1] AndroidManifest.xml:28:13-80
142            android:excludeFromRecents="true"
142-->[com.google.firebase:firebase-auth:21.0.1] AndroidManifest.xml:29:13-46
143            android:exported="true"
143-->[com.google.firebase:firebase-auth:21.0.1] AndroidManifest.xml:30:13-36
144            android:launchMode="singleTask"
144-->[com.google.firebase:firebase-auth:21.0.1] AndroidManifest.xml:31:13-44
145            android:theme="@android:style/Theme.Translucent.NoTitleBar" >
145-->[com.google.firebase:firebase-auth:21.0.1] AndroidManifest.xml:32:13-72
146            <intent-filter>
146-->[com.google.firebase:firebase-auth:21.0.1] AndroidManifest.xml:33:13-43:29
147                <action android:name="android.intent.action.VIEW" />
147-->[com.facebook.android:facebook-common:12.3.0] AndroidManifest.xml:40:17-69
147-->[com.facebook.android:facebook-common:12.3.0] AndroidManifest.xml:40:25-66
148
149                <category android:name="android.intent.category.DEFAULT" />
149-->[com.facebook.android:facebook-common:12.3.0] AndroidManifest.xml:42:17-76
149-->[com.facebook.android:facebook-common:12.3.0] AndroidManifest.xml:42:27-73
150                <category android:name="android.intent.category.BROWSABLE" />
150-->[com.facebook.android:facebook-common:12.3.0] AndroidManifest.xml:43:17-78
150-->[com.facebook.android:facebook-common:12.3.0] AndroidManifest.xml:43:27-75
151
152                <data
152-->[com.facebook.android:facebook-common:12.3.0] AndroidManifest.xml:45:17-47:50
153                    android:host="firebase.auth"
153-->[com.facebook.android:facebook-common:12.3.0] AndroidManifest.xml:46:21-56
154                    android:path="/"
155                    android:scheme="genericidp" />
155-->[com.facebook.android:facebook-common:12.3.0] AndroidManifest.xml:47:21-47
156            </intent-filter>
157        </activity>
158        <activity
158-->[com.google.firebase:firebase-auth:21.0.1] AndroidManifest.xml:45:9-62:20
159            android:name="com.google.firebase.auth.internal.RecaptchaActivity"
159-->[com.google.firebase:firebase-auth:21.0.1] AndroidManifest.xml:46:13-79
160            android:excludeFromRecents="true"
160-->[com.google.firebase:firebase-auth:21.0.1] AndroidManifest.xml:47:13-46
161            android:exported="true"
161-->[com.google.firebase:firebase-auth:21.0.1] AndroidManifest.xml:48:13-36
162            android:launchMode="singleTask"
162-->[com.google.firebase:firebase-auth:21.0.1] AndroidManifest.xml:49:13-44
163            android:theme="@android:style/Theme.Translucent.NoTitleBar" >
163-->[com.google.firebase:firebase-auth:21.0.1] AndroidManifest.xml:50:13-72
164            <intent-filter>
164-->[com.google.firebase:firebase-auth:21.0.1] AndroidManifest.xml:51:13-61:29
165                <action android:name="android.intent.action.VIEW" />
165-->[com.facebook.android:facebook-common:12.3.0] AndroidManifest.xml:40:17-69
165-->[com.facebook.android:facebook-common:12.3.0] AndroidManifest.xml:40:25-66
166
167                <category android:name="android.intent.category.DEFAULT" />
167-->[com.facebook.android:facebook-common:12.3.0] AndroidManifest.xml:42:17-76
167-->[com.facebook.android:facebook-common:12.3.0] AndroidManifest.xml:42:27-73
168                <category android:name="android.intent.category.BROWSABLE" />
168-->[com.facebook.android:facebook-common:12.3.0] AndroidManifest.xml:43:17-78
168-->[com.facebook.android:facebook-common:12.3.0] AndroidManifest.xml:43:27-75
169
170                <data
170-->[com.facebook.android:facebook-common:12.3.0] AndroidManifest.xml:45:17-47:50
171                    android:host="firebase.auth"
171-->[com.facebook.android:facebook-common:12.3.0] AndroidManifest.xml:46:21-56
172                    android:path="/"
173                    android:scheme="recaptcha" />
173-->[com.facebook.android:facebook-common:12.3.0] AndroidManifest.xml:47:21-47
174            </intent-filter>
175        </activity>
176
177        <service
177-->[com.google.firebase:firebase-auth:21.0.1] AndroidManifest.xml:64:9-73:19
178            android:name="com.google.firebase.auth.api.fallback.service.FirebaseAuthFallbackService"
178-->[com.google.firebase:firebase-auth:21.0.1] AndroidManifest.xml:65:13-101
179            android:enabled="true"
179-->[com.google.firebase:firebase-auth:21.0.1] AndroidManifest.xml:66:13-35
180            android:exported="false" >
180-->[com.google.firebase:firebase-auth:21.0.1] AndroidManifest.xml:67:13-37
181            <intent-filter>
181-->[com.google.firebase:firebase-auth:21.0.1] AndroidManifest.xml:68:13-72:29
182                <action android:name="com.google.firebase.auth.api.gms.service.START" />
182-->[com.google.firebase:firebase-auth:21.0.1] AndroidManifest.xml:69:17-89
182-->[com.google.firebase:firebase-auth:21.0.1] AndroidManifest.xml:69:25-86
183
184                <category android:name="android.intent.category.DEFAULT" />
184-->[com.facebook.android:facebook-common:12.3.0] AndroidManifest.xml:42:17-76
184-->[com.facebook.android:facebook-common:12.3.0] AndroidManifest.xml:42:27-73
185            </intent-filter>
186        </service>
187
188        <provider
188-->[com.google.firebase:firebase-common:20.0.0] AndroidManifest.xml:26:9-31:39
189            android:name="com.google.firebase.provider.FirebaseInitProvider"
189-->[com.google.firebase:firebase-common:20.0.0] AndroidManifest.xml:27:13-77
190            android:authorities="com.example.untitled.firebaseinitprovider"
190-->[com.google.firebase:firebase-common:20.0.0] AndroidManifest.xml:28:13-72
191            android:directBootAware="true"
191-->[com.google.firebase:firebase-common:20.0.0] AndroidManifest.xml:29:13-43
192            android:exported="false"
192-->[com.google.firebase:firebase-common:20.0.0] AndroidManifest.xml:30:13-37
193            android:initOrder="100" />
193-->[com.google.firebase:firebase-common:20.0.0] AndroidManifest.xml:31:13-36
194
195        <activity
195-->[com.google.android.gms:play-services-auth:20.0.1] AndroidManifest.xml:23:9-27:75
196            android:name="com.google.android.gms.auth.api.signin.internal.SignInHubActivity"
196-->[com.google.android.gms:play-services-auth:20.0.1] AndroidManifest.xml:24:13-93
197            android:excludeFromRecents="true"
197-->[com.google.android.gms:play-services-auth:20.0.1] AndroidManifest.xml:25:13-46
198            android:exported="false"
198-->[com.google.android.gms:play-services-auth:20.0.1] AndroidManifest.xml:26:13-37
199            android:theme="@android:style/Theme.Translucent.NoTitleBar" />
199-->[com.google.android.gms:play-services-auth:20.0.1] AndroidManifest.xml:27:13-72
200        <!--
201            Service handling Google Sign-In user revocation. For apps that do not integrate with
202            Google Sign-In, this service will never be started.
203        -->
204        <service
204-->[com.google.android.gms:play-services-auth:20.0.1] AndroidManifest.xml:33:9-37:51
205            android:name="com.google.android.gms.auth.api.signin.RevocationBoundService"
205-->[com.google.android.gms:play-services-auth:20.0.1] AndroidManifest.xml:34:13-89
206            android:exported="true"
206-->[com.google.android.gms:play-services-auth:20.0.1] AndroidManifest.xml:35:13-36
207            android:permission="com.google.android.gms.auth.api.signin.permission.REVOCATION_NOTIFICATION"
207-->[com.google.android.gms:play-services-auth:20.0.1] AndroidManifest.xml:36:13-107
208            android:visibleToInstantApps="true" />
208-->[com.google.android.gms:play-services-auth:20.0.1] AndroidManifest.xml:37:13-48
209
210        <activity
210-->[com.google.android.gms:play-services-base:18.0.1] AndroidManifest.xml:20:9-22:45
211            android:name="com.google.android.gms.common.api.GoogleApiActivity"
211-->[com.google.android.gms:play-services-base:18.0.1] AndroidManifest.xml:20:19-85
212            android:exported="false"
212-->[com.google.android.gms:play-services-base:18.0.1] AndroidManifest.xml:22:19-43
213            android:theme="@android:style/Theme.Translucent.NoTitleBar" />
213-->[com.google.android.gms:play-services-base:18.0.1] AndroidManifest.xml:21:19-78
214
215        <meta-data
215-->[com.google.android.gms:play-services-basement:18.0.0] AndroidManifest.xml:21:9-23:69
216            android:name="com.google.android.gms.version"
216-->[com.google.android.gms:play-services-basement:18.0.0] AndroidManifest.xml:22:13-58
217            android:value="@integer/google_play_services_version" />
217-->[com.google.android.gms:play-services-basement:18.0.0] AndroidManifest.xml:23:13-66
218    </application>
219
220</manifest>